<?xml version="1.0" encoding="UTF-8"?>
<coverage generated="1457733279">
  <project timestamp="1457733279">
    <package name="BulkSmsCenter">
      <file name="/Users/Tjebbe/Sites/_github/bulksmscenter-http-api/src/BulkSmsCenter/Auth.php">
        <class name="Auth" namespace="BulkSmsCenter">
          <metrics complexity="5" methods="5" coveredmethods="1" conditionals="0" coveredconditionals="0" statements="9" coveredstatements="3" elements="14" coveredelements="4"/>
        </class>
        <line num="15" type="method" name="__construct" visibility="public" complexity="1" crap="1" count="6"/>
        <line num="17" type="stmt" count="6"/>
        <line num="18" type="stmt" count="6"/>
        <line num="19" type="stmt" count="6"/>
        <line num="24" type="method" name="getPassword" visibility="public" complexity="1" crap="2" count="0"/>
        <line num="26" type="stmt" count="0"/>
        <line num="32" type="method" name="setPassword" visibility="public" complexity="1" crap="2" count="0"/>
        <line num="34" type="stmt" count="0"/>
        <line num="35" type="stmt" count="0"/>
        <line num="41" type="method" name="getUsername" visibility="public" complexity="1" crap="2" count="0"/>
        <line num="43" type="stmt" count="0"/>
        <line num="51" type="method" name="setUsername" visibility="public" complexity="1" crap="2" count="0"/>
        <line num="53" type="stmt" count="0"/>
        <line num="54" type="stmt" count="0"/>
        <metrics loc="57" ncloc="35" classes="1" methods="5" coveredmethods="1" conditionals="0" coveredconditionals="0" statements="9" coveredstatements="3" elements="14" coveredelements="4"/>
      </file>
      <file name="/Users/Tjebbe/Sites/_github/bulksmscenter-http-api/src/BulkSmsCenter/Client.php">
        <class name="Client" namespace="BulkSmsCenter">
          <metrics complexity="22" methods="11" coveredmethods="5" conditionals="0" coveredconditionals="0" statements="50" coveredstatements="20" elements="61" coveredelements="25"/>
        </class>
        <line num="30" type="method" name="phpVersion" visibility="private" complexity="2" crap="2.86" count="6"/>
        <line num="32" type="stmt" count="6"/>
        <line num="33" type="stmt" count="0"/>
        <line num="34" type="stmt" count="0"/>
        <line num="35" type="stmt" count="0"/>
        <line num="36" type="stmt" count="6"/>
        <line num="39" type="method" name="httpClient" visibility="protected" complexity="2" crap="2" count="6"/>
        <line num="41" type="stmt" count="6"/>
        <line num="44" type="method" name="__construct" visibility="public" complexity="3" crap="3" count="6"/>
        <line num="46" type="stmt" count="6"/>
        <line num="47" type="stmt" count="5"/>
        <line num="48" type="stmt" count="5"/>
        <line num="49" type="stmt" count="6"/>
        <line num="50" type="stmt" count="5"/>
        <line num="51" type="stmt" count="5"/>
        <line num="52" type="stmt" count="6"/>
        <line num="53" type="stmt" count="6"/>
        <line num="54" type="stmt" count="6"/>
        <line num="55" type="stmt" count="6"/>
        <line num="56" type="stmt" count="6"/>
        <line num="57" type="stmt" count="6"/>
        <line num="64" type="method" name="setHttpClient" visibility="public" complexity="1" crap="1" count="5"/>
        <line num="66" type="stmt" count="5"/>
        <line num="67" type="stmt" count="5"/>
        <line num="73" type="method" name="getMessage" visibility="public" complexity="1" crap="1" count="3"/>
        <line num="75" type="stmt" count="3"/>
        <line num="83" type="method" name="setMessage" visibility="public" complexity="1" crap="1" count="6"/>
        <line num="85" type="stmt" count="6"/>
        <line num="86" type="stmt" count="6"/>
        <line num="92" type="method" name="sendingPassed" visibility="public" complexity="1" crap="2" count="0"/>
        <line num="94" type="stmt" count="0"/>
        <line num="103" type="method" name="sendMessage" visibility="public" complexity="4" crap="20" count="0"/>
        <line num="105" type="stmt" count="0"/>
        <line num="106" type="stmt" count="0"/>
        <line num="107" type="stmt" count="0"/>
        <line num="108" type="stmt" count="0"/>
        <line num="109" type="stmt" count="0"/>
        <line num="112" type="stmt" count="0"/>
        <line num="113" type="stmt" count="0"/>
        <line num="114" type="stmt" count="0"/>
        <line num="115" type="stmt" count="0"/>
        <line num="116" type="stmt" count="0"/>
        <line num="117" type="stmt" count="0"/>
        <line num="118" type="stmt" count="0"/>
        <line num="119" type="stmt" count="0"/>
        <line num="122" type="stmt" count="0"/>
        <line num="124" type="stmt" count="0"/>
        <line num="125" type="stmt" count="0"/>
        <line num="127" type="stmt" count="0"/>
        <line num="130" type="method" name="getApiCode" visibility="public" complexity="2" crap="6" count="0"/>
        <line num="132" type="stmt" count="0"/>
        <line num="133" type="stmt" count="0"/>
        <line num="136" type="method" name="getRemainingCredits" visibility="public" complexity="3" crap="12" count="0"/>
        <line num="138" type="stmt" count="0"/>
        <line num="139" type="stmt" count="0"/>
        <line num="141" type="stmt" count="0"/>
        <line num="142" type="stmt" count="0"/>
        <line num="143" type="stmt" count="0"/>
        <line num="145" type="stmt" count="0"/>
        <line num="148" type="method" name="getResponse" visibility="public" complexity="2" crap="6" count="0"/>
        <line num="150" type="stmt" count="0"/>
        <metrics loc="153" ncloc="119" classes="1" methods="11" coveredmethods="5" conditionals="0" coveredconditionals="0" statements="50" coveredstatements="20" elements="61" coveredelements="25"/>
      </file>
      <file name="/Users/Tjebbe/Sites/_github/bulksmscenter-http-api/src/BulkSmsCenter/HttpClient.php">
        <class name="HttpClient" namespace="BulkSmsCenter">
          <metrics complexity="28" methods="16" coveredmethods="1" conditionals="0" coveredconditionals="0" statements="51" coveredstatements="7" elements="67" coveredelements="8"/>
        </class>
        <line num="60" type="method" name="defaultPostParams" visibility="protected" complexity="1" crap="2" count="0"/>
        <line num="63" type="stmt" count="0"/>
        <line num="64" type="stmt" count="0"/>
        <line num="65" type="stmt" count="0"/>
        <line num="66" type="stmt" count="0"/>
        <line num="72" type="method" name="hosts" visibility="protected" complexity="1" crap="2" count="0"/>
        <line num="74" type="stmt" count="0"/>
        <line num="77" type="method" name="runCommand" visibility="protected" complexity="3" crap="12" count="0"/>
        <line num="79" type="stmt" count="0"/>
        <line num="80" type="stmt" count="0"/>
        <line num="81" type="stmt" count="0"/>
        <line num="82" type="stmt" count="0"/>
        <line num="83" type="stmt" count="0"/>
        <line num="84" type="stmt" count="0"/>
        <line num="85" type="stmt" count="0"/>
        <line num="86" type="stmt" count="0"/>
        <line num="87" type="stmt" count="0"/>
        <line num="89" type="stmt" count="0"/>
        <line num="90" type="stmt" count="0"/>
        <line num="91" type="stmt" count="0"/>
        <line num="98" type="method" name="parseRawResponse" visibility="protected" complexity="5" crap="30" count="0"/>
        <line num="100" type="stmt" count="0"/>
        <line num="101" type="stmt" count="0"/>
        <line num="102" type="stmt" count="0"/>
        <line num="103" type="stmt" count="0"/>
        <line num="104" type="stmt" count="0"/>
        <line num="105" type="stmt" count="0"/>
        <line num="106" type="stmt" count="0"/>
        <line num="107" type="stmt" count="0"/>
        <line num="108" type="stmt" count="0"/>
        <line num="109" type="stmt" count="0"/>
        <line num="110" type="stmt" count="0"/>
        <line num="111" type="stmt" count="0"/>
        <line num="112" type="stmt" count="0"/>
        <line num="118" type="method" name="password" visibility="protected" complexity="1" crap="2" count="0"/>
        <line num="120" type="stmt" count="0"/>
        <line num="126" type="method" name="port" visibility="protected" complexity="2" crap="6" count="0"/>
        <line num="128" type="stmt" count="0"/>
        <line num="131" type="method" name="protocol" visibility="protected" complexity="3" crap="12" count="0"/>
        <line num="133" type="stmt" count="0"/>
        <line num="136" type="method" name="ssl" visibility="protected" complexity="1" crap="2" count="0"/>
        <line num="138" type="stmt" count="0"/>
        <line num="141" type="method" name="username" visibility="protected" complexity="1" crap="2" count="0"/>
        <line num="143" type="stmt" count="0"/>
        <line num="146" type="method" name="version" visibility="protected" complexity="1" crap="2" count="0"/>
        <line num="148" type="stmt" count="0"/>
        <line num="151" type="method" name="setRawResponse" visibility="protected" complexity="1" crap="2" count="0"/>
        <line num="153" type="stmt" count="0"/>
        <line num="154" type="stmt" count="0"/>
        <line num="156" type="method" name="getRawResponse" visibility="protected" complexity="1" crap="2" count="0"/>
        <line num="158" type="stmt" count="0"/>
        <line num="161" type="method" name="__construct" visibility="public" complexity="2" crap="2.50" count="6"/>
        <line num="163" type="stmt" count="6"/>
        <line num="164" type="stmt" count="0"/>
        <line num="165" type="stmt" count="0"/>
        <line num="166" type="stmt" count="6"/>
        <line num="173" type="method" name="setAuth" visibility="public" complexity="1" crap="2" count="0"/>
        <line num="175" type="stmt" count="0"/>
        <line num="176" type="stmt" count="0"/>
        <line num="184" type="method" name="setUserAgent" visibility="public" complexity="2" crap="2" count="3"/>
        <line num="186" type="stmt" count="3"/>
        <line num="187" type="stmt" count="3"/>
        <line num="188" type="stmt" count="3"/>
        <line num="189" type="stmt" count="3"/>
        <line num="190" type="stmt" count="3"/>
        <line num="193" type="method" name="getResponse" visibility="public" complexity="2" crap="6" count="0"/>
        <line num="195" type="stmt" count="0"/>
        <metrics loc="198" ncloc="141" classes="1" methods="16" coveredmethods="1" conditionals="0" coveredconditionals="0" statements="51" coveredstatements="7" elements="67" coveredelements="8"/>
      </file>
      <file name="/Users/Tjebbe/Sites/_github/bulksmscenter-http-api/src/BulkSmsCenter/Message.php">
        <class name="Message" namespace="BulkSmsCenter">
          <metrics complexity="13" methods="11" coveredmethods="1" conditionals="0" coveredconditionals="0" statements="23" coveredstatements="6" elements="34" coveredelements="7"/>
        </class>
        <line num="30" type="method" name="__construct" visibility="public" complexity="3" crap="4.12" count="6"/>
        <line num="32" type="stmt" count="6"/>
        <line num="33" type="stmt" count="0"/>
        <line num="34" type="stmt" count="0"/>
        <line num="35" type="stmt" count="0"/>
        <line num="36" type="stmt" count="0"/>
        <line num="37" type="stmt" count="6"/>
        <line num="38" type="stmt" count="6"/>
        <line num="39" type="stmt" count="6"/>
        <line num="44" type="method" name="getId" visibility="public" complexity="1" crap="2" count="0"/>
        <line num="46" type="stmt" count="0"/>
        <line num="54" type="method" name="setId" visibility="public" complexity="1" crap="2" count="0"/>
        <line num="56" type="stmt" count="0"/>
        <line num="57" type="stmt" count="0"/>
        <line num="63" type="method" name="getBody" visibility="public" complexity="1" crap="2" count="0"/>
        <line num="65" type="stmt" count="0"/>
        <line num="71" type="method" name="setBody" visibility="public" complexity="1" crap="2" count="0"/>
        <line num="73" type="stmt" count="0"/>
        <line num="74" type="stmt" count="0"/>
        <line num="79" type="method" name="getOptions" visibility="public" complexity="1" crap="2" count="0"/>
        <line num="81" type="stmt" count="0"/>
        <line num="87" type="method" name="setOptions" visibility="public" complexity="1" crap="1" count="6"/>
        <line num="89" type="stmt" count="6"/>
        <line num="90" type="stmt" count="6"/>
        <line num="95" type="method" name="getRecipient" visibility="public" complexity="1" crap="2" count="0"/>
        <line num="97" type="stmt" count="0"/>
        <line num="103" type="method" name="setRecipient" visibility="public" complexity="1" crap="2" count="0"/>
        <line num="105" type="stmt" count="0"/>
        <line num="106" type="stmt" count="0"/>
        <line num="111" type="method" name="getSender" visibility="public" complexity="1" crap="2" count="0"/>
        <line num="113" type="stmt" count="0"/>
        <line num="119" type="method" name="setSender" visibility="public" complexity="1" crap="2" count="0"/>
        <line num="121" type="stmt" count="0"/>
        <line num="122" type="stmt" count="0"/>
        <metrics loc="124" ncloc="77" classes="1" methods="11" coveredmethods="1" conditionals="0" coveredconditionals="0" statements="23" coveredstatements="6" elements="34" coveredelements="7"/>
      </file>
    </package>
    <package name="BulkSmsCenter\Exceptions">
      <file name="/Users/Tjebbe/Sites/_github/bulksmscenter-http-api/src/BulkSmsCenter/Exceptions/BulkSmsCenterException.php">
        <class name="BulkSmsCenterException" namespace="BulkSmsCenter\Exceptions" fullPackage="BulkSmsCenter" package="BulkSmsCenter">
          <metrics complexity="0" methods="0" coveredmethods="0" conditionals="0" coveredconditionals="0" statements="0" coveredstatements="0" elements="0" coveredelements="0"/>
        </class>
        <metrics loc="9" ncloc="4" classes="1" methods="0" coveredmethods="0" conditionals="0" coveredconditionals="0" statements="0" coveredstatements="0" elements="0" coveredelements="0"/>
      </file>
      <file name="/Users/Tjebbe/Sites/_github/bulksmscenter-http-api/src/BulkSmsCenter/Exceptions/ClientException.php">
        <class name="ClientException" namespace="BulkSmsCenter\Exceptions" fullPackage="BulkSmsCenter" package="BulkSmsCenter">
          <metrics complexity="0" methods="0" coveredmethods="0" conditionals="0" coveredconditionals="0" statements="0" coveredstatements="0" elements="0" coveredelements="0"/>
        </class>
        <metrics loc="9" ncloc="4" classes="1" methods="0" coveredmethods="0" conditionals="0" coveredconditionals="0" statements="0" coveredstatements="0" elements="0" coveredelements="0"/>
      </file>
      <file name="/Users/Tjebbe/Sites/_github/bulksmscenter-http-api/src/BulkSmsCenter/Exceptions/HttpClientException.php">
        <class name="HttpClientException" namespace="BulkSmsCenter\Exceptions" fullPackage="BulkSmsCenter" package="BulkSmsCenter">
          <metrics complexity="0" methods="0" coveredmethods="0" conditionals="0" coveredconditionals="0" statements="0" coveredstatements="0" elements="0" coveredelements="0"/>
        </class>
        <metrics loc="9" ncloc="4" classes="1" methods="0" coveredmethods="0" conditionals="0" coveredconditionals="0" statements="0" coveredstatements="0" elements="0" coveredelements="0"/>
      </file>
    </package>
    <metrics files="7" loc="559" ncloc="384" classes="7" methods="43" coveredmethods="8" conditionals="0" coveredconditionals="0" statements="133" coveredstatements="36" elements="176" coveredelements="44"/>
  </project>
</coverage>
